  arcanoid4.cpp
c:\users\lewy\desktop\testy_sfml_06_02\arcanoid4\obiekty_gry.h(45): warning C4244: "=": konwersja z "int" do "T", możliwa utrata danych
          with
          [
              T=float
          ]
c:\users\lewy\desktop\testy_sfml_06_02\arcanoid4\obiekty_gry.h(46): warning C4244: "=": konwersja z "int" do "T", możliwa utrata danych
          with
          [
              T=float
          ]
c:\users\lewy\desktop\testy_sfml_06_02\arcanoid4\obiekty_gry.h(83): warning C4244: "=": konwersja z "int" do "T", możliwa utrata danych
          with
          [
              T=float
          ]
c:\users\lewy\desktop\testy_sfml_06_02\arcanoid4\obiekty_gry.h(84): warning C4244: "=": konwersja z "int" do "T", możliwa utrata danych
          with
          [
              T=float
          ]
c:\users\lewy\desktop\testy_sfml_06_02\arcanoid4\obiekty_gry.h(105): warning C4244: "=": konwersja z "int" do "T", możliwa utrata danych
          with
          [
              T=float
          ]
c:\users\lewy\desktop\testy_sfml_06_02\arcanoid4\obiekty_gry.h(106): warning C4244: "=": konwersja z "int" do "T", możliwa utrata danych
          with
          [
              T=float
          ]
c:\users\lewy\desktop\testy_sfml_06_02\arcanoid4\obiekty_gry.h(172): warning C4244: "=": konwersja z "double" do "T", możliwa utrata danych
          with
          [
              T=float
          ]
c:\users\lewy\desktop\testy_sfml_06_02\arcanoid4\obiekty_gry.h(201): warning C4244: "=": konwersja z "int" do "float", możliwa utrata danych
c:\users\lewy\desktop\testy_sfml_06_02\arcanoid4\obiekty_gry.h(254): warning C4244: "=": konwersja z "int" do "T", możliwa utrata danych
          with
          [
              T=float
          ]
c:\users\lewy\desktop\testy_sfml_06_02\arcanoid4\obiekty_gry.h(255): warning C4244: "=": konwersja z "int" do "T", możliwa utrata danych
          with
          [
              T=float
          ]
c:\users\lewy\desktop\testy_sfml_06_02\arcanoid4\obiekty_gry.h(375): warning C4244: "=": konwersja z "double" do "float", możliwa utrata danych
c:\users\lewy\desktop\testy_sfml_06_02\arcanoid4\obiekty_gry.h(385): warning C4244: "argument": konwersja z "float" do "int", możliwa utrata danych
c:\users\lewy\desktop\testy_sfml_06_02\arcanoid4\obiekty_gry.h(389): warning C4244: "argument": konwersja z "float" do "int", możliwa utrata danych
c:\users\lewy\desktop\testy_sfml_06_02\arcanoid4\obiekty_gry.h(398): warning C4244: "argument": konwersja z "float" do "int", możliwa utrata danych
c:\users\lewy\desktop\testy_sfml_06_02\arcanoid4\obiekty_gry.h(402): warning C4244: "argument": konwersja z "float" do "int", możliwa utrata danych
c:\users\lewy\desktop\testy_sfml_06_02\arcanoid4\gracz.h(117): warning C4244: "=": konwersja z "double" do "float", możliwa utrata danych
c:\users\lewy\desktop\testy_sfml_06_02\arcanoid4\menu_glowne.h(204): warning C4244: "argument": konwersja z "double" do "T", możliwa utrata danych
          with
          [
              T=float
          ]
c:\users\lewy\desktop\testy_sfml_06_02\arcanoid4\arcanoid4.cpp(22): warning C4244: "argument": konwersja z "time_t" do "unsigned int", możliwa utrata danych
  funkcje.cpp
c:\users\lewy\desktop\testy_sfml_06_02\arcanoid4\obiekty_gry.h(45): warning C4244: "=": konwersja z "int" do "T", możliwa utrata danych
          with
          [
              T=float
          ]
c:\users\lewy\desktop\testy_sfml_06_02\arcanoid4\obiekty_gry.h(46): warning C4244: "=": konwersja z "int" do "T", możliwa utrata danych
          with
          [
              T=float
          ]
c:\users\lewy\desktop\testy_sfml_06_02\arcanoid4\obiekty_gry.h(83): warning C4244: "=": konwersja z "int" do "T", możliwa utrata danych
          with
          [
              T=float
          ]
c:\users\lewy\desktop\testy_sfml_06_02\arcanoid4\obiekty_gry.h(84): warning C4244: "=": konwersja z "int" do "T", możliwa utrata danych
          with
          [
              T=float
          ]
c:\users\lewy\desktop\testy_sfml_06_02\arcanoid4\obiekty_gry.h(105): warning C4244: "=": konwersja z "int" do "T", możliwa utrata danych
          with
          [
              T=float
          ]
c:\users\lewy\desktop\testy_sfml_06_02\arcanoid4\obiekty_gry.h(106): warning C4244: "=": konwersja z "int" do "T", możliwa utrata danych
          with
          [
              T=float
          ]
c:\users\lewy\desktop\testy_sfml_06_02\arcanoid4\obiekty_gry.h(172): warning C4244: "=": konwersja z "double" do "T", możliwa utrata danych
          with
          [
              T=float
          ]
c:\users\lewy\desktop\testy_sfml_06_02\arcanoid4\obiekty_gry.h(201): warning C4244: "=": konwersja z "int" do "float", możliwa utrata danych
c:\users\lewy\desktop\testy_sfml_06_02\arcanoid4\obiekty_gry.h(254): warning C4244: "=": konwersja z "int" do "T", możliwa utrata danych
          with
          [
              T=float
          ]
c:\users\lewy\desktop\testy_sfml_06_02\arcanoid4\obiekty_gry.h(255): warning C4244: "=": konwersja z "int" do "T", możliwa utrata danych
          with
          [
              T=float
          ]
c:\users\lewy\desktop\testy_sfml_06_02\arcanoid4\obiekty_gry.h(375): warning C4244: "=": konwersja z "double" do "float", możliwa utrata danych
c:\users\lewy\desktop\testy_sfml_06_02\arcanoid4\obiekty_gry.h(385): warning C4244: "argument": konwersja z "float" do "int", możliwa utrata danych
c:\users\lewy\desktop\testy_sfml_06_02\arcanoid4\obiekty_gry.h(389): warning C4244: "argument": konwersja z "float" do "int", możliwa utrata danych
c:\users\lewy\desktop\testy_sfml_06_02\arcanoid4\obiekty_gry.h(398): warning C4244: "argument": konwersja z "float" do "int", możliwa utrata danych
c:\users\lewy\desktop\testy_sfml_06_02\arcanoid4\obiekty_gry.h(402): warning C4244: "argument": konwersja z "float" do "int", możliwa utrata danych
c:\users\lewy\desktop\testy_sfml_06_02\arcanoid4\gracz.h(117): warning C4244: "=": konwersja z "double" do "float", możliwa utrata danych
c:\users\lewy\desktop\testy_sfml_06_02\arcanoid4\menu_glowne.h(204): warning C4244: "argument": konwersja z "double" do "T", możliwa utrata danych
          with
          [
              T=float
          ]
c:\users\lewy\desktop\testy_sfml_06_02\arcanoid4\funkcje.cpp(20): warning C4244: "argument": konwersja z "double" do "int", możliwa utrata danych
c:\users\lewy\desktop\testy_sfml_06_02\arcanoid4\funkcje.cpp(167): warning C4305: "=": obcięcie z "double" do "T"
          with
          [
              T=float
          ]
c:\users\lewy\desktop\testy_sfml_06_02\arcanoid4\funkcje.cpp(183): warning C4305: "=": obcięcie z "double" do "T"
          with
          [
              T=float
          ]
c:\users\lewy\desktop\testy_sfml_06_02\arcanoid4\funkcje.cpp(204): warning C4305: "=": obcięcie z "double" do "T"
          with
          [
              T=float
          ]
c:\users\lewy\desktop\testy_sfml_06_02\arcanoid4\funkcje.cpp(211): warning C4305: "=": obcięcie z "double" do "T"
          with
          [
              T=float
          ]
c:\users\lewy\desktop\testy_sfml_06_02\arcanoid4\funkcje.cpp(217): warning C4305: "=": obcięcie z "double" do "T"
          with
          [
              T=float
          ]
c:\users\lewy\desktop\testy_sfml_06_02\arcanoid4\funkcje.cpp(223): warning C4305: "=": obcięcie z "double" do "T"
          with
          [
              T=float
          ]
c:\users\lewy\desktop\testy_sfml_06_02\arcanoid4\funkcje.cpp(232): warning C4305: "=": obcięcie z "double" do "T"
          with
          [
              T=float
          ]
c:\users\lewy\desktop\testy_sfml_06_02\arcanoid4\funkcje.cpp(317): warning C4244: "argument": konwersja z "float" do "int", możliwa utrata danych
c:\users\lewy\desktop\testy_sfml_06_02\arcanoid4\funkcje.cpp(355): warning C4244: "argument": konwersja z "int" do "T", możliwa utrata danych
          with
          [
              T=float
          ]
c:\users\lewy\desktop\testy_sfml_06_02\arcanoid4\funkcje.cpp(374): warning C4244: "argument": konwersja z "int" do "T", możliwa utrata danych
          with
          [
              T=float
          ]
c:\users\lewy\desktop\testy_sfml_06_02\arcanoid4\funkcje.cpp(382): warning C4244: "argument": konwersja z "int" do "T", możliwa utrata danych
          with
          [
              T=float
          ]
c:\users\lewy\desktop\testy_sfml_06_02\arcanoid4\funkcje.cpp(387): warning C4244: "argument": konwersja z "int" do "T", możliwa utrata danych
          with
          [
              T=float
          ]
c:\users\lewy\desktop\testy_sfml_06_02\arcanoid4\funkcje.cpp(528): warning C4244: "argument": konwersja z "int" do "T", możliwa utrata danych
          with
          [
              T=float
          ]
c:\users\lewy\desktop\testy_sfml_06_02\arcanoid4\funkcje.cpp(536): warning C4244: "argument": konwersja z "int" do "T", możliwa utrata danych
          with
          [
              T=float
          ]
c:\users\lewy\desktop\testy_sfml_06_02\arcanoid4\funkcje.cpp(545): warning C4244: "argument": konwersja z "int" do "T", możliwa utrata danych
          with
          [
              T=float
          ]
c:\users\lewy\desktop\testy_sfml_06_02\arcanoid4\funkcje.cpp(587): warning C4244: "argument": konwersja z "int" do "T", możliwa utrata danych
          with
          [
              T=float
          ]
c:\users\lewy\desktop\testy_sfml_06_02\arcanoid4\funkcje.cpp(648): warning C4018: "<": niezgodność typu ze znakiem/bez znaku
c:\users\lewy\desktop\testy_sfml_06_02\arcanoid4\funkcje.cpp(652): warning C4018: "<": niezgodność typu ze znakiem/bez znaku
c:\users\lewy\desktop\testy_sfml_06_02\arcanoid4\funkcje.cpp(653): warning C4018: "<": niezgodność typu ze znakiem/bez znaku
c:\users\lewy\desktop\testy_sfml_06_02\arcanoid4\funkcje.cpp(678): warning C4018: "<": niezgodność typu ze znakiem/bez znaku
c:\users\lewy\desktop\testy_sfml_06_02\arcanoid4\funkcje.cpp(698): warning C4244: "=": konwersja z "int" do "T", możliwa utrata danych
          with
          [
              T=float
          ]
c:\users\lewy\desktop\testy_sfml_06_02\arcanoid4\funkcje.cpp(732): warning C4244: "argument": konwersja z "int" do "T", możliwa utrata danych
          with
          [
              T=float
          ]
c:\users\lewy\desktop\testy_sfml_06_02\arcanoid4\funkcje.cpp(740): warning C4244: "argument": konwersja z "int" do "T", możliwa utrata danych
          with
          [
              T=float
          ]
c:\users\lewy\desktop\testy_sfml_06_02\arcanoid4\funkcje.cpp(749): warning C4244: "argument": konwersja z "int" do "T", możliwa utrata danych
          with
          [
              T=float
          ]
c:\users\lewy\desktop\testy_sfml_06_02\arcanoid4\funkcje.cpp(823): warning C4244: "argument": konwersja z "int" do "T", możliwa utrata danych
          with
          [
              T=float
          ]
c:\users\lewy\desktop\testy_sfml_06_02\arcanoid4\funkcje.cpp(884): warning C4018: "<": niezgodność typu ze znakiem/bez znaku
c:\users\lewy\desktop\testy_sfml_06_02\arcanoid4\funkcje.cpp(888): warning C4018: "<": niezgodność typu ze znakiem/bez znaku
c:\users\lewy\desktop\testy_sfml_06_02\arcanoid4\funkcje.cpp(889): warning C4018: "<": niezgodność typu ze znakiem/bez znaku
c:\users\lewy\desktop\testy_sfml_06_02\arcanoid4\funkcje.cpp(914): warning C4018: "<": niezgodność typu ze znakiem/bez znaku
c:\users\lewy\desktop\testy_sfml_06_02\arcanoid4\funkcje.cpp(934): warning C4244: "=": konwersja z "int" do "T", możliwa utrata danych
          with
          [
              T=float
          ]
  tryby_gry.cpp
c:\users\lewy\desktop\testy_sfml_06_02\arcanoid4\obiekty_gry.h(45): warning C4244: "=": konwersja z "int" do "T", możliwa utrata danych
          with
          [
              T=float
          ]
c:\users\lewy\desktop\testy_sfml_06_02\arcanoid4\obiekty_gry.h(46): warning C4244: "=": konwersja z "int" do "T", możliwa utrata danych
          with
          [
              T=float
          ]
c:\users\lewy\desktop\testy_sfml_06_02\arcanoid4\obiekty_gry.h(83): warning C4244: "=": konwersja z "int" do "T", możliwa utrata danych
          with
          [
              T=float
          ]
c:\users\lewy\desktop\testy_sfml_06_02\arcanoid4\obiekty_gry.h(84): warning C4244: "=": konwersja z "int" do "T", możliwa utrata danych
          with
          [
              T=float
          ]
c:\users\lewy\desktop\testy_sfml_06_02\arcanoid4\obiekty_gry.h(105): warning C4244: "=": konwersja z "int" do "T", możliwa utrata danych
          with
          [
              T=float
          ]
c:\users\lewy\desktop\testy_sfml_06_02\arcanoid4\obiekty_gry.h(106): warning C4244: "=": konwersja z "int" do "T", możliwa utrata danych
          with
          [
              T=float
          ]
c:\users\lewy\desktop\testy_sfml_06_02\arcanoid4\obiekty_gry.h(172): warning C4244: "=": konwersja z "double" do "T", możliwa utrata danych
          with
          [
              T=float
          ]
c:\users\lewy\desktop\testy_sfml_06_02\arcanoid4\obiekty_gry.h(201): warning C4244: "=": konwersja z "int" do "float", możliwa utrata danych
c:\users\lewy\desktop\testy_sfml_06_02\arcanoid4\obiekty_gry.h(254): warning C4244: "=": konwersja z "int" do "T", możliwa utrata danych
          with
          [
              T=float
          ]
c:\users\lewy\desktop\testy_sfml_06_02\arcanoid4\obiekty_gry.h(255): warning C4244: "=": konwersja z "int" do "T", możliwa utrata danych
          with
          [
              T=float
          ]
c:\users\lewy\desktop\testy_sfml_06_02\arcanoid4\obiekty_gry.h(375): warning C4244: "=": konwersja z "double" do "float", możliwa utrata danych
c:\users\lewy\desktop\testy_sfml_06_02\arcanoid4\obiekty_gry.h(385): warning C4244: "argument": konwersja z "float" do "int", możliwa utrata danych
c:\users\lewy\desktop\testy_sfml_06_02\arcanoid4\obiekty_gry.h(389): warning C4244: "argument": konwersja z "float" do "int", możliwa utrata danych
c:\users\lewy\desktop\testy_sfml_06_02\arcanoid4\obiekty_gry.h(398): warning C4244: "argument": konwersja z "float" do "int", możliwa utrata danych
c:\users\lewy\desktop\testy_sfml_06_02\arcanoid4\obiekty_gry.h(402): warning C4244: "argument": konwersja z "float" do "int", możliwa utrata danych
c:\users\lewy\desktop\testy_sfml_06_02\arcanoid4\gracz.h(117): warning C4244: "=": konwersja z "double" do "float", możliwa utrata danych
c:\users\lewy\desktop\testy_sfml_06_02\arcanoid4\menu_glowne.h(204): warning C4244: "argument": konwersja z "double" do "T", możliwa utrata danych
          with
          [
              T=float
          ]
c:\users\lewy\desktop\testy_sfml_06_02\arcanoid4\tryby_gry.cpp(26): warning C4244: "argument": konwersja z "T" do "int", możliwa utrata danych
          with
          [
              T=float
          ]
c:\users\lewy\desktop\testy_sfml_06_02\arcanoid4\tryby_gry.cpp(164): warning C4018: "<": niezgodność typu ze znakiem/bez znaku
c:\users\lewy\desktop\testy_sfml_06_02\arcanoid4\tryby_gry.cpp(195): warning C4244: "argument": konwersja z "double" do "int", możliwa utrata danych
c:\users\lewy\desktop\testy_sfml_06_02\arcanoid4\tryby_gry.cpp(248): warning C4244: "argument": konwersja z "T" do "int", możliwa utrata danych
          with
          [
              T=float
          ]
c:\users\lewy\desktop\testy_sfml_06_02\arcanoid4\tryby_gry.cpp(295): warning C4244: "argument": konwersja z "T" do "float", możliwa utrata danych
          with
          [
              T=unsigned int
          ]
c:\users\lewy\desktop\testy_sfml_06_02\arcanoid4\tryby_gry.cpp(314): warning C4244: "argument": konwersja z "T" do "float", możliwa utrata danych
          with
          [
              T=unsigned int
          ]
c:\users\lewy\desktop\testy_sfml_06_02\arcanoid4\tryby_gry.cpp(315): warning C4244: "argument": konwersja z "T" do "float", możliwa utrata danych
          with
          [
              T=unsigned int
          ]
c:\users\lewy\desktop\testy_sfml_06_02\arcanoid4\tryby_gry.cpp(316): warning C4244: "argument": konwersja z "T" do "float", możliwa utrata danych
          with
          [
              T=unsigned int
          ]
  Generowanie kodu...
c:\users\lewy\desktop\testy_sfml_06_02\arcanoid4\tryby_gry.cpp(404): warning C4715: "menu_glowne_funkcja”: niewszystkie ścieżki kodu zwracają wartość
  arcanoid4.vcxproj -> C:\Users\Lewy\Desktop\testy_sfml_06_02\Debug\arcanoid4.exe
